<?xml version="1.0" encoding="UTF-8"?>
<!-- Generated by org.testng.reporters.JUnitXMLReporter -->
<testsuite ignored="0" hostname="santosh" failures="0" tests="5" name="Surefire test" time="0.064" errors="0" timestamp="2023-07-17T20:47:47 IST">
  <testcase classname="example1.TestNgAnnotations" name="firsttest" time="0.002"/>
  <testcase classname="example1.TestNgAnnotations" name="secondtest" time="0.0"/>
  <testcase classname="example1.TestNGEx" name="methodone" time="0.001"/>
  <testcase classname="example1.TestngSample" name="four" time="0.0"/>
  <testcase classname="example1.TestngSample" name="three" time="0.001"/>
</testsuite> <!-- Surefire test -->
