<?xml version="1.0" encoding="UTF-8"?>
<testng-results ignored="0" total="5" passed="5" failed="0" skipped="0">
  <reporter-output>
  </reporter-output>
  <suite started-at="2023-07-17T20:47:47 IST" name="Surefire suite" finished-at="2023-07-17T20:47:47 IST" duration-ms="64">
    <groups>
    </groups>
    <test started-at="2023-07-17T20:47:47 IST" name="Surefire test" finished-at="2023-07-17T20:47:47 IST" duration-ms="64">
      <class name="example1.TestNgAnnotations">
        <test-method is-config="true" signature="beforeSuite()[pri:0, instance:example1.TestNgAnnotations@3d121db3]" started-at="2023-07-17T20:47:47 IST" name="beforeSuite" finished-at="2023-07-17T20:47:47 IST" duration-ms="18" status="PASS">
          <reporter-output>
          </reporter-output>
        </test-method> <!-- beforeSuite -->
        <test-method is-config="true" signature="beforeTest()[pri:0, instance:example1.TestNgAnnotations@3d121db3]" started-at="2023-07-17T20:47:47 IST" name="beforeTest" finished-at="2023-07-17T20:47:47 IST" duration-ms="0" status="PASS">
          <reporter-output>
          </reporter-output>
        </test-method> <!-- beforeTest -->
        <test-method is-config="true" signature="beforeClass()[pri:0, instance:example1.TestNgAnnotations@3d121db3]" started-at="2023-07-17T20:47:47 IST" name="beforeClass" finished-at="2023-07-17T20:47:47 IST" duration-ms="0" status="PASS">
          <reporter-output>
          </reporter-output>
        </test-method> <!-- beforeClass -->
        <test-method is-config="true" signature="beforeMethod()[pri:0, instance:example1.TestNgAnnotations@3d121db3]" started-at="2023-07-17T20:47:47 IST" name="beforeMethod" finished-at="2023-07-17T20:47:47 IST" duration-ms="1" status="PASS">
          <reporter-output>
          </reporter-output>
        </test-method> <!-- beforeMethod -->
        <test-method signature="firsttest()[pri:0, instance:example1.TestNgAnnotations@3d121db3]" started-at="2023-07-17T20:47:47 IST" name="firsttest" finished-at="2023-07-17T20:47:47 IST" duration-ms="2" status="PASS">
          <reporter-output>
          </reporter-output>
        </test-method> <!-- firsttest -->
        <test-method is-config="true" signature="afterMethod()[pri:0, instance:example1.TestNgAnnotations@3d121db3]" started-at="2023-07-17T20:47:47 IST" name="afterMethod" finished-at="2023-07-17T20:47:47 IST" duration-ms="0" status="PASS">
          <reporter-output>
          </reporter-output>
        </test-method> <!-- afterMethod -->
        <test-method signature="secondtest()[pri:0, instance:example1.TestNgAnnotations@3d121db3]" started-at="2023-07-17T20:47:47 IST" name="secondtest" finished-at="2023-07-17T20:47:47 IST" duration-ms="0" status="PASS">
          <reporter-output>
          </reporter-output>
        </test-method> <!-- secondtest -->
        <test-method is-config="true" signature="beforeMethod()[pri:0, instance:example1.TestNgAnnotations@3d121db3]" started-at="2023-07-17T20:47:47 IST" name="beforeMethod" finished-at="2023-07-17T20:47:47 IST" duration-ms="0" status="PASS">
          <reporter-output>
          </reporter-output>
        </test-method> <!-- beforeMethod -->
        <test-method is-config="true" signature="afterMethod()[pri:0, instance:example1.TestNgAnnotations@3d121db3]" started-at="2023-07-17T20:47:47 IST" name="afterMethod" finished-at="2023-07-17T20:47:47 IST" duration-ms="1" status="PASS">
          <reporter-output>
          </reporter-output>
        </test-method> <!-- afterMethod -->
        <test-method is-config="true" signature="afterClass()[pri:0, instance:example1.TestNgAnnotations@3d121db3]" started-at="2023-07-17T20:47:47 IST" name="afterClass" finished-at="2023-07-17T20:47:47 IST" duration-ms="0" status="PASS">
          <reporter-output>
          </reporter-output>
        </test-method> <!-- afterClass -->
        <test-method is-config="true" signature="afterTest()[pri:0, instance:example1.TestNgAnnotations@3d121db3]" started-at="2023-07-17T20:47:47 IST" name="afterTest" finished-at="2023-07-17T20:47:47 IST" duration-ms="1" status="PASS">
          <reporter-output>
          </reporter-output>
        </test-method> <!-- afterTest -->
        <test-method is-config="true" signature="afterSuite()[pri:0, instance:example1.TestNgAnnotations@3d121db3]" started-at="2023-07-17T20:47:47 IST" name="afterSuite" finished-at="2023-07-17T20:47:47 IST" duration-ms="2" status="PASS">
          <reporter-output>
          </reporter-output>
        </test-method> <!-- afterSuite -->
      </class> <!-- example1.TestNgAnnotations -->
      <class name="example1.TestNGEx">
        <test-method signature="methodone()[pri:0, instance:example1.TestNGEx@45018215]" started-at="2023-07-17T20:47:47 IST" name="methodone" finished-at="2023-07-17T20:47:47 IST" duration-ms="1" status="PASS">
          <reporter-output>
          </reporter-output>
        </test-method> <!-- methodone -->
      </class> <!-- example1.TestNGEx -->
      <class name="example1.TestngSample">
        <test-method signature="four()[pri:0, instance:example1.TestngSample@65d6b83b]" started-at="2023-07-17T20:47:47 IST" name="four" finished-at="2023-07-17T20:47:47 IST" duration-ms="0" status="PASS">
          <reporter-output>
          </reporter-output>
        </test-method> <!-- four -->
        <test-method signature="three()[pri:0, instance:example1.TestngSample@65d6b83b]" started-at="2023-07-17T20:47:47 IST" name="three" finished-at="2023-07-17T20:47:47 IST" duration-ms="1" status="PASS">
          <reporter-output>
          </reporter-output>
        </test-method> <!-- three -->
      </class> <!-- example1.TestngSample -->
    </test> <!-- Surefire test -->
  </suite> <!-- Surefire suite -->
</testng-results>
